<?xml version="1.0" encoding="UTF-8"?>
<!-- Generated by org.testng.reporters.JUnitXMLReporter -->
<testsuite ignored="0" hostname="DESKTOP-P9E86EA" failures="0" tests="4" name="Test2" time="45.032" errors="0" timestamp="2022-09-13T16:54:36 IST">
  <testcase classname="org.zalando.usermodule.TestNgExecution1" name="testScript1" time="0.002"/>
  <testcase classname="org.zalando.usermodule.TestNgExexcution2" name="testScript2" time="0.002"/>
  <testcase classname="org.zalando.usermodule.TestNgExecution3" name="testScript3" time="0.001"/>
  <testcase classname="org.zalando.usermodule.TestNgExexution4" name="testScript4" time="0.003"/>
</testsuite> <!-- Test2 -->
